2019-08-21T02:40:04.352Z - normal: Load ~/.CocosCreator/settings.json
2019-08-21T02:40:04.390Z - normal: Initializing Asset Database
2019-08-21T02:40:04.392Z - normal: checking language setting...
2019-08-21T02:40:04.392Z - normal: Language: zh
2019-08-21T02:40:04.804Z - success: preview server running at http://localhost:7456
2019-08-21T02:40:04.841Z - success: protocol editor-framework registered
2019-08-21T02:40:04.841Z - success: protocol app registered
2019-08-21T02:40:04.841Z - success: protocol theme registered
2019-08-21T02:40:04.841Z - success: protocol packages registered
2019-08-21T02:40:04.841Z - success: protocol uuid registerred
2019-08-21T02:40:04.841Z - success: protocol db registerred
2019-08-21T02:40:04.842Z - success: protocol thumbnail registerred
2019-08-21T02:40:04.842Z - success: protocol unpack registerred
2019-08-21T02:40:04.842Z - success: protocol disable-commonjs registerred
2019-08-21T02:40:07.809Z - normal: failed to connect login server due to request timeout
2019-08-21T02:40:07.811Z - normal: Check project /Users/shisha/Downloads/start_project
2019-08-21T02:40:07.813Z - normal: Initializing project /Users/shisha/Downloads/start_project
2019-08-21T02:40:08.049Z - normal: Initializing Cocos2d
2019-08-21T02:40:08.481Z - normal: Initializing engine extends
2019-08-21T02:40:08.510Z - success: asset-db-debugger loaded
2019-08-21T02:40:08.514Z - success: baidu-adapter loaded
2019-08-21T02:40:08.517Z - success: color-picker loaded
2019-08-21T02:40:08.586Z - success: fb-audience-network loaded
2019-08-21T02:40:08.625Z - success: fb-live-stream loaded
2019-08-21T02:40:08.627Z - success: google-play-instant loaded
2019-08-21T02:40:08.630Z - success: huawei-runtime loaded
2019-08-21T02:40:08.782Z - success: cpk-publish loaded
2019-08-21T02:40:08.783Z - success: jsb-adapter loaded
2019-08-21T02:40:08.785Z - success: oppo-runtime loaded
2019-08-21T02:40:08.798Z - success: package-manager loaded
2019-08-21T02:40:08.872Z - success: qqplay-adapter loaded
2019-08-21T02:40:08.873Z - success: runtime-dev-tools loaded
2019-08-21T02:40:08.885Z - success: sdkbox loaded
2019-08-21T02:40:08.896Z - success: tester loaded
2019-08-21T02:40:08.908Z - success: ui-grid loaded
2019-08-21T02:40:08.920Z - success: ui-kit-preview-extra loaded
2019-08-21T02:40:08.930Z - success: ui-kit-preview loaded
2019-08-21T02:40:08.942Z - success: ui-kit loaded
2019-08-21T02:40:08.953Z - success: ui-tree loaded
2019-08-21T02:40:08.956Z - success: vivo-runtime loaded
2019-08-21T02:40:08.956Z - success: weapp-adapter loaded
2019-08-21T02:40:08.957Z - success: xiaomi-adapter loaded
2019-08-21T02:40:08.998Z - success: assets loaded
2019-08-21T02:40:09.009Z - success: builder loaded
2019-08-21T02:40:09.185Z - success: cocos-services loaded
2019-08-21T02:40:09.199Z - success: console loaded
2019-08-21T02:40:09.225Z - success: fb-instant-games loaded
2019-08-21T02:40:09.237Z - success: game-window loaded
2019-08-21T02:40:09.237Z - success: google-instant-games loaded
2019-08-21T02:40:09.251Z - success: hierarchy loaded
2019-08-21T02:40:09.263Z - success: inspector loaded
2019-08-21T02:40:09.264Z - success: keystore loaded
2019-08-21T02:40:09.277Z - success: node-library loaded
2019-08-21T02:40:09.278Z - success: package-asset loaded
2019-08-21T02:40:09.278Z - success: preferences loaded
2019-08-21T02:40:09.292Z - success: project-exporter loaded
2019-08-21T02:40:09.307Z - success: project-importer loaded
2019-08-21T02:40:09.320Z - success: project-settings loaded
2019-08-21T02:40:09.334Z - success: scene loaded
2019-08-21T02:40:09.335Z - success: simulator-debugger loaded
2019-08-21T02:40:09.336Z - success: sprite-editor loaded
2019-08-21T02:40:09.348Z - success: store loaded
2019-08-21T02:40:09.362Z - success: timeline loaded
2019-08-21T02:40:09.365Z - success: xiaomi-runtime loaded
2019-08-21T02:40:10.145Z - normal: Loading packages
2019-08-21T02:40:10.160Z - normal: Watching packages
2019-08-21T02:40:10.231Z - normal: Run Application
2019-08-21T02:40:11.843Z - info: Cocos Services load base data!
2019-08-21T02:40:14.075Z - warn: Please specifiy a default value for "Game" property at its declaration:
 
// Before:
@property(...)
value; 
// After:
@property(...)
value = 0 scoreAuio
2019-08-21T02:40:14.076Z - warn: Please specifiy a default value for "Game" property at its declaration:
 
// Before:
@property(...)
value; 
// After:
@property(...)
value = 0 btnStart
2019-08-21T02:40:14.076Z - warn: Please specifiy a default value for "Game" property at its declaration:
 
// Before:
@property(...)
value; 
// After:
@property(...)
value = 0 currentStart
2019-08-21T02:40:14.078Z - warn: Please specifiy a default value for "Play" property at its declaration:
 
// Before:
@property(...)
value; 
// After:
@property(...)
value = 0 jumpAudio
2019-08-21T02:40:14.079Z - warn: The 'type' attribute of 'Start.game' is undefined when loading script
2019-08-21T03:14:00.514Z - info: 只有预制节点 "Star" 及其子节点会被保存。
2019-08-21T03:14:03.554Z - info: 只有预制节点 "Star" 及其子节点会被保存。
2019-08-21T03:14:23.437Z - info: 只有预制节点 "Star" 及其子节点会被保存。
2019-08-21T03:14:41.453Z - info: 只有预制节点 "Star" 及其子节点会被保存。
2019-08-21T03:15:28.276Z - info: 只有预制节点 "Star" 及其子节点会被保存。
2019-08-21T03:15:38.551Z - info: 只有预制节点 "Star" 及其子节点会被保存。
2019-08-21T03:16:42.358Z - info: 只有预制节点 "Star" 及其子节点会被保存。
2019-08-21T03:16:43.341Z - info: 只有预制节点 "Star" 及其子节点会被保存。
2019-08-21T03:17:32.200Z - info: 只有预制节点 "Star" 及其子节点会被保存。
2019-08-21T03:17:47.995Z - info: 只有预制节点 "Star" 及其子节点会被保存。
2019-08-21T03:18:11.080Z - info: 只有预制节点 "Star" 及其子节点会被保存。
2019-08-21T03:18:12.053Z - info: 只有预制节点 "Star" 及其子节点会被保存。
2019-08-21T03:18:12.631Z - info: 只有预制节点 "Star" 及其子节点会被保存。
2019-08-21T03:18:12.858Z - info: 只有预制节点 "Star" 及其子节点会被保存。
2019-08-21T03:18:13.141Z - info: 只有预制节点 "Star" 及其子节点会被保存。
2019-08-21T03:18:13.348Z - info: 只有预制节点 "Star" 及其子节点会被保存。
2019-08-21T03:18:13.555Z - info: 只有预制节点 "Star" 及其子节点会被保存。
2019-08-21T03:18:42.716Z - info: 只有预制节点 "Star" 及其子节点会被保存。
2019-08-21T03:18:43.709Z - info: 只有预制节点 "Star" 及其子节点会被保存。
2019-08-21T03:18:49.429Z - info: 只有预制节点 "Star" 及其子节点会被保存。
2019-08-21T03:19:18.077Z - warn: The Prefab used by component "Game" is missing. Detailed information:
Node path: "Canvas"
Missing uuid: "c224c5a5-8628-4fba-b16f-6b071a35c869"

2019-08-21T03:19:26.704Z - info: 只有预制节点 "Star" 及其子节点会被保存。
2019-08-21T03:20:14.266Z - error: Unknown object to restore
    at p (/Applications/CocosCreator.app/Contents/Resources/app.asar/editor/page/scene-utils/undo/scene-undo-impl.js:1:2401)
    at Object.restoreNode (/Applications/CocosCreator.app/Contents/Resources/app.asar/editor/page/scene-utils/undo/scene-undo-impl.js:1:3207)
    at d.undo (/Applications/CocosCreator.app/Contents/Resources/app.asar/editor/page/scene-utils/undo/index.js:1:1341)
    at n.undo (/Applications/CocosCreator.app/Contents/Resources/app.asar/editor-framework/lib/share/undo.js:1:508)
    at d.undo (/Applications/CocosCreator.app/Contents/Resources/app.asar/editor-framework/lib/share/undo.js:1:1201)
    at Object.undo (/Applications/CocosCreator.app/Contents/Resources/app.asar/editor/page/scene-utils/undo/index.js:1:8036)
    at HTMLElement.undo (/Applications/CocosCreator.app/Contents/Resources/app.asar/editor/builtin/scene/panel/messages/scene-undo.js:1:225)
    at Object.e._dispatch (/Applications/CocosCreator.app/Contents/Resources/app.asar/editor-framework/lib/renderer/panel.js:1:1941)
    at EventEmitter.o.on.s (/Applications/CocosCreator.app/Contents/Resources/app.asar/editor-framework/lib/renderer/ipc.js:1:2921)
2019-08-21T03:20:14.267Z - error: TypeError: Cannot read property '_name' of null
    at d.undo (/Applications/CocosCreator.app/Contents/Resources/app.asar/editor/page/scene-utils/undo/index.js:1:1490)
    at n.undo (/Applications/CocosCreator.app/Contents/Resources/app.asar/editor-framework/lib/share/undo.js:1:508)
    at d.undo (/Applications/CocosCreator.app/Contents/Resources/app.asar/editor-framework/lib/share/undo.js:1:1201)
    at Object.undo (/Applications/CocosCreator.app/Contents/Resources/app.asar/editor/page/scene-utils/undo/index.js:1:8036)
    at HTMLElement.undo (/Applications/CocosCreator.app/Contents/Resources/app.asar/editor/builtin/scene/panel/messages/scene-undo.js:1:225)
    at Object.e._dispatch (/Applications/CocosCreator.app/Contents/Resources/app.asar/editor-framework/lib/renderer/panel.js:1:1941)
    at EventEmitter.o.on.s (/Applications/CocosCreator.app/Contents/Resources/app.asar/editor-framework/lib/renderer/ipc.js:1:2921)
    at emitThree (events.js:116:13)
    at EventEmitter.emit (events.js:197:7)
2019-08-21T03:20:14.713Z - error: Unknown object to restore
    at p (/Applications/CocosCreator.app/Contents/Resources/app.asar/editor/page/scene-utils/undo/scene-undo-impl.js:1:2401)
    at Object.restoreNode (/Applications/CocosCreator.app/Contents/Resources/app.asar/editor/page/scene-utils/undo/scene-undo-impl.js:1:3207)
    at d.undo (/Applications/CocosCreator.app/Contents/Resources/app.asar/editor/page/scene-utils/undo/index.js:1:1341)
    at n.undo (/Applications/CocosCreator.app/Contents/Resources/app.asar/editor-framework/lib/share/undo.js:1:508)
    at d.undo (/Applications/CocosCreator.app/Contents/Resources/app.asar/editor-framework/lib/share/undo.js:1:1201)
    at Object.undo (/Applications/CocosCreator.app/Contents/Resources/app.asar/editor/page/scene-utils/undo/index.js:1:8036)
    at HTMLElement.undo (/Applications/CocosCreator.app/Contents/Resources/app.asar/editor/builtin/scene/panel/messages/scene-undo.js:1:225)
    at Object.e._dispatch (/Applications/CocosCreator.app/Contents/Resources/app.asar/editor-framework/lib/renderer/panel.js:1:1941)
    at EventEmitter.o.on.s (/Applications/CocosCreator.app/Contents/Resources/app.asar/editor-framework/lib/renderer/ipc.js:1:2921)
2019-08-21T03:20:14.714Z - error: TypeError: Cannot read property '_name' of null
    at d.undo (/Applications/CocosCreator.app/Contents/Resources/app.asar/editor/page/scene-utils/undo/index.js:1:1490)
    at n.undo (/Applications/CocosCreator.app/Contents/Resources/app.asar/editor-framework/lib/share/undo.js:1:508)
    at d.undo (/Applications/CocosCreator.app/Contents/Resources/app.asar/editor-framework/lib/share/undo.js:1:1201)
    at Object.undo (/Applications/CocosCreator.app/Contents/Resources/app.asar/editor/page/scene-utils/undo/index.js:1:8036)
    at HTMLElement.undo (/Applications/CocosCreator.app/Contents/Resources/app.asar/editor/builtin/scene/panel/messages/scene-undo.js:1:225)
    at Object.e._dispatch (/Applications/CocosCreator.app/Contents/Resources/app.asar/editor-framework/lib/renderer/panel.js:1:1941)
    at EventEmitter.o.on.s (/Applications/CocosCreator.app/Contents/Resources/app.asar/editor-framework/lib/renderer/ipc.js:1:2921)
    at emitThree (events.js:116:13)
    at EventEmitter.emit (events.js:197:7)
2019-08-21T03:20:15.125Z - error: Unknown object to restore
    at p (/Applications/CocosCreator.app/Contents/Resources/app.asar/editor/page/scene-utils/undo/scene-undo-impl.js:1:2401)
    at Object.restoreNode (/Applications/CocosCreator.app/Contents/Resources/app.asar/editor/page/scene-utils/undo/scene-undo-impl.js:1:3207)
    at d.undo (/Applications/CocosCreator.app/Contents/Resources/app.asar/editor/page/scene-utils/undo/index.js:1:1341)
    at n.undo (/Applications/CocosCreator.app/Contents/Resources/app.asar/editor-framework/lib/share/undo.js:1:508)
    at d.undo (/Applications/CocosCreator.app/Contents/Resources/app.asar/editor-framework/lib/share/undo.js:1:1201)
    at Object.undo (/Applications/CocosCreator.app/Contents/Resources/app.asar/editor/page/scene-utils/undo/index.js:1:8036)
    at HTMLElement.undo (/Applications/CocosCreator.app/Contents/Resources/app.asar/editor/builtin/scene/panel/messages/scene-undo.js:1:225)
    at Object.e._dispatch (/Applications/CocosCreator.app/Contents/Resources/app.asar/editor-framework/lib/renderer/panel.js:1:1941)
    at EventEmitter.o.on.s (/Applications/CocosCreator.app/Contents/Resources/app.asar/editor-framework/lib/renderer/ipc.js:1:2921)
2019-08-21T03:20:15.126Z - error: TypeError: Cannot read property '_name' of null
    at d.undo (/Applications/CocosCreator.app/Contents/Resources/app.asar/editor/page/scene-utils/undo/index.js:1:1490)
    at n.undo (/Applications/CocosCreator.app/Contents/Resources/app.asar/editor-framework/lib/share/undo.js:1:508)
    at d.undo (/Applications/CocosCreator.app/Contents/Resources/app.asar/editor-framework/lib/share/undo.js:1:1201)
    at Object.undo (/Applications/CocosCreator.app/Contents/Resources/app.asar/editor/page/scene-utils/undo/index.js:1:8036)
    at HTMLElement.undo (/Applications/CocosCreator.app/Contents/Resources/app.asar/editor/builtin/scene/panel/messages/scene-undo.js:1:225)
    at Object.e._dispatch (/Applications/CocosCreator.app/Contents/Resources/app.asar/editor-framework/lib/renderer/panel.js:1:1941)
    at EventEmitter.o.on.s (/Applications/CocosCreator.app/Contents/Resources/app.asar/editor-framework/lib/renderer/ipc.js:1:2921)
    at emitThree (events.js:116:13)
    at EventEmitter.emit (events.js:197:7)
2019-08-21T03:20:15.622Z - error: Unknown object to restore
    at p (/Applications/CocosCreator.app/Contents/Resources/app.asar/editor/page/scene-utils/undo/scene-undo-impl.js:1:2401)
    at Object.restoreNode (/Applications/CocosCreator.app/Contents/Resources/app.asar/editor/page/scene-utils/undo/scene-undo-impl.js:1:3207)
    at d.undo (/Applications/CocosCreator.app/Contents/Resources/app.asar/editor/page/scene-utils/undo/index.js:1:1341)
    at n.undo (/Applications/CocosCreator.app/Contents/Resources/app.asar/editor-framework/lib/share/undo.js:1:508)
    at d.undo (/Applications/CocosCreator.app/Contents/Resources/app.asar/editor-framework/lib/share/undo.js:1:1201)
    at Object.undo (/Applications/CocosCreator.app/Contents/Resources/app.asar/editor/page/scene-utils/undo/index.js:1:8036)
    at HTMLElement.undo (/Applications/CocosCreator.app/Contents/Resources/app.asar/editor/builtin/scene/panel/messages/scene-undo.js:1:225)
    at Object.e._dispatch (/Applications/CocosCreator.app/Contents/Resources/app.asar/editor-framework/lib/renderer/panel.js:1:1941)
    at EventEmitter.o.on.s (/Applications/CocosCreator.app/Contents/Resources/app.asar/editor-framework/lib/renderer/ipc.js:1:2921)
2019-08-21T03:20:15.622Z - error: TypeError: Cannot read property '_name' of null
    at d.undo (/Applications/CocosCreator.app/Contents/Resources/app.asar/editor/page/scene-utils/undo/index.js:1:1490)
    at n.undo (/Applications/CocosCreator.app/Contents/Resources/app.asar/editor-framework/lib/share/undo.js:1:508)
    at d.undo (/Applications/CocosCreator.app/Contents/Resources/app.asar/editor-framework/lib/share/undo.js:1:1201)
    at Object.undo (/Applications/CocosCreator.app/Contents/Resources/app.asar/editor/page/scene-utils/undo/index.js:1:8036)
    at HTMLElement.undo (/Applications/CocosCreator.app/Contents/Resources/app.asar/editor/builtin/scene/panel/messages/scene-undo.js:1:225)
    at Object.e._dispatch (/Applications/CocosCreator.app/Contents/Resources/app.asar/editor-framework/lib/renderer/panel.js:1:1941)
    at EventEmitter.o.on.s (/Applications/CocosCreator.app/Contents/Resources/app.asar/editor-framework/lib/renderer/ipc.js:1:2921)
    at emitThree (events.js:116:13)
    at EventEmitter.emit (events.js:197:7)
2019-08-21T03:20:16.106Z - error: Unknown object to restore
    at p (/Applications/CocosCreator.app/Contents/Resources/app.asar/editor/page/scene-utils/undo/scene-undo-impl.js:1:2401)
    at Object.restoreNode (/Applications/CocosCreator.app/Contents/Resources/app.asar/editor/page/scene-utils/undo/scene-undo-impl.js:1:3207)
    at d.undo (/Applications/CocosCreator.app/Contents/Resources/app.asar/editor/page/scene-utils/undo/index.js:1:1341)
    at n.undo (/Applications/CocosCreator.app/Contents/Resources/app.asar/editor-framework/lib/share/undo.js:1:508)
    at d.undo (/Applications/CocosCreator.app/Contents/Resources/app.asar/editor-framework/lib/share/undo.js:1:1201)
    at Object.undo (/Applications/CocosCreator.app/Contents/Resources/app.asar/editor/page/scene-utils/undo/index.js:1:8036)
    at HTMLElement.undo (/Applications/CocosCreator.app/Contents/Resources/app.asar/editor/builtin/scene/panel/messages/scene-undo.js:1:225)
    at Object.e._dispatch (/Applications/CocosCreator.app/Contents/Resources/app.asar/editor-framework/lib/renderer/panel.js:1:1941)
    at EventEmitter.o.on.s (/Applications/CocosCreator.app/Contents/Resources/app.asar/editor-framework/lib/renderer/ipc.js:1:2921)
2019-08-21T03:20:16.106Z - error: TypeError: Cannot read property '_name' of null
    at d.undo (/Applications/CocosCreator.app/Contents/Resources/app.asar/editor/page/scene-utils/undo/index.js:1:1490)
    at n.undo (/Applications/CocosCreator.app/Contents/Resources/app.asar/editor-framework/lib/share/undo.js:1:508)
    at d.undo (/Applications/CocosCreator.app/Contents/Resources/app.asar/editor-framework/lib/share/undo.js:1:1201)
    at Object.undo (/Applications/CocosCreator.app/Contents/Resources/app.asar/editor/page/scene-utils/undo/index.js:1:8036)
    at HTMLElement.undo (/Applications/CocosCreator.app/Contents/Resources/app.asar/editor/builtin/scene/panel/messages/scene-undo.js:1:225)
    at Object.e._dispatch (/Applications/CocosCreator.app/Contents/Resources/app.asar/editor-framework/lib/renderer/panel.js:1:1941)
    at EventEmitter.o.on.s (/Applications/CocosCreator.app/Contents/Resources/app.asar/editor-framework/lib/renderer/ipc.js:1:2921)
    at emitThree (events.js:116:13)
    at EventEmitter.emit (events.js:197:7)
2019-08-21T03:20:16.559Z - error: Unknown object to restore
    at p (/Applications/CocosCreator.app/Contents/Resources/app.asar/editor/page/scene-utils/undo/scene-undo-impl.js:1:2401)
    at Object.restoreNode (/Applications/CocosCreator.app/Contents/Resources/app.asar/editor/page/scene-utils/undo/scene-undo-impl.js:1:3207)
    at d.undo (/Applications/CocosCreator.app/Contents/Resources/app.asar/editor/page/scene-utils/undo/index.js:1:1341)
    at n.undo (/Applications/CocosCreator.app/Contents/Resources/app.asar/editor-framework/lib/share/undo.js:1:508)
    at d.undo (/Applications/CocosCreator.app/Contents/Resources/app.asar/editor-framework/lib/share/undo.js:1:1201)
    at Object.undo (/Applications/CocosCreator.app/Contents/Resources/app.asar/editor/page/scene-utils/undo/index.js:1:8036)
    at HTMLElement.undo (/Applications/CocosCreator.app/Contents/Resources/app.asar/editor/builtin/scene/panel/messages/scene-undo.js:1:225)
    at Object.e._dispatch (/Applications/CocosCreator.app/Contents/Resources/app.asar/editor-framework/lib/renderer/panel.js:1:1941)
    at EventEmitter.o.on.s (/Applications/CocosCreator.app/Contents/Resources/app.asar/editor-framework/lib/renderer/ipc.js:1:2921)
2019-08-21T03:20:16.559Z - error: TypeError: Cannot read property '_name' of null
    at d.undo (/Applications/CocosCreator.app/Contents/Resources/app.asar/editor/page/scene-utils/undo/index.js:1:1490)
    at n.undo (/Applications/CocosCreator.app/Contents/Resources/app.asar/editor-framework/lib/share/undo.js:1:508)
    at d.undo (/Applications/CocosCreator.app/Contents/Resources/app.asar/editor-framework/lib/share/undo.js:1:1201)
    at Object.undo (/Applications/CocosCreator.app/Contents/Resources/app.asar/editor/page/scene-utils/undo/index.js:1:8036)
    at HTMLElement.undo (/Applications/CocosCreator.app/Contents/Resources/app.asar/editor/builtin/scene/panel/messages/scene-undo.js:1:225)
    at Object.e._dispatch (/Applications/CocosCreator.app/Contents/Resources/app.asar/editor-framework/lib/renderer/panel.js:1:1941)
    at EventEmitter.o.on.s (/Applications/CocosCreator.app/Contents/Resources/app.asar/editor-framework/lib/renderer/ipc.js:1:2921)
    at emitThree (events.js:116:13)
    at EventEmitter.emit (events.js:197:7)
2019-08-21T03:20:16.961Z - error: Unknown object to restore
    at p (/Applications/CocosCreator.app/Contents/Resources/app.asar/editor/page/scene-utils/undo/scene-undo-impl.js:1:2401)
    at Object.restoreNode (/Applications/CocosCreator.app/Contents/Resources/app.asar/editor/page/scene-utils/undo/scene-undo-impl.js:1:3207)
    at d.undo (/Applications/CocosCreator.app/Contents/Resources/app.asar/editor/page/scene-utils/undo/index.js:1:1341)
    at n.undo (/Applications/CocosCreator.app/Contents/Resources/app.asar/editor-framework/lib/share/undo.js:1:508)
    at d.undo (/Applications/CocosCreator.app/Contents/Resources/app.asar/editor-framework/lib/share/undo.js:1:1201)
    at Object.undo (/Applications/CocosCreator.app/Contents/Resources/app.asar/editor/page/scene-utils/undo/index.js:1:8036)
    at HTMLElement.undo (/Applications/CocosCreator.app/Contents/Resources/app.asar/editor/builtin/scene/panel/messages/scene-undo.js:1:225)
    at Object.e._dispatch (/Applications/CocosCreator.app/Contents/Resources/app.asar/editor-framework/lib/renderer/panel.js:1:1941)
    at EventEmitter.o.on.s (/Applications/CocosCreator.app/Contents/Resources/app.asar/editor-framework/lib/renderer/ipc.js:1:2921)
2019-08-21T03:20:16.961Z - error: TypeError: Cannot read property '_name' of null
    at d.undo (/Applications/CocosCreator.app/Contents/Resources/app.asar/editor/page/scene-utils/undo/index.js:1:1490)
    at n.undo (/Applications/CocosCreator.app/Contents/Resources/app.asar/editor-framework/lib/share/undo.js:1:508)
    at d.undo (/Applications/CocosCreator.app/Contents/Resources/app.asar/editor-framework/lib/share/undo.js:1:1201)
    at Object.undo (/Applications/CocosCreator.app/Contents/Resources/app.asar/editor/page/scene-utils/undo/index.js:1:8036)
    at HTMLElement.undo (/Applications/CocosCreator.app/Contents/Resources/app.asar/editor/builtin/scene/panel/messages/scene-undo.js:1:225)
    at Object.e._dispatch (/Applications/CocosCreator.app/Contents/Resources/app.asar/editor-framework/lib/renderer/panel.js:1:1941)
    at EventEmitter.o.on.s (/Applications/CocosCreator.app/Contents/Resources/app.asar/editor-framework/lib/renderer/ipc.js:1:2921)
    at emitThree (events.js:116:13)
    at EventEmitter.emit (events.js:197:7)
2019-08-21T03:20:17.245Z - error: Unknown object to restore
    at p (/Applications/CocosCreator.app/Contents/Resources/app.asar/editor/page/scene-utils/undo/scene-undo-impl.js:1:2401)
    at Object.restoreNode (/Applications/CocosCreator.app/Contents/Resources/app.asar/editor/page/scene-utils/undo/scene-undo-impl.js:1:3207)
    at d.undo (/Applications/CocosCreator.app/Contents/Resources/app.asar/editor/page/scene-utils/undo/index.js:1:1341)
    at n.undo (/Applications/CocosCreator.app/Contents/Resources/app.asar/editor-framework/lib/share/undo.js:1:508)
    at d.undo (/Applications/CocosCreator.app/Contents/Resources/app.asar/editor-framework/lib/share/undo.js:1:1201)
    at Object.undo (/Applications/CocosCreator.app/Contents/Resources/app.asar/editor/page/scene-utils/undo/index.js:1:8036)
    at HTMLElement.undo (/Applications/CocosCreator.app/Contents/Resources/app.asar/editor/builtin/scene/panel/messages/scene-undo.js:1:225)
    at Object.e._dispatch (/Applications/CocosCreator.app/Contents/Resources/app.asar/editor-framework/lib/renderer/panel.js:1:1941)
    at EventEmitter.o.on.s (/Applications/CocosCreator.app/Contents/Resources/app.asar/editor-framework/lib/renderer/ipc.js:1:2921)
2019-08-21T03:20:17.246Z - error: TypeError: Cannot read property '_name' of null
    at d.undo (/Applications/CocosCreator.app/Contents/Resources/app.asar/editor/page/scene-utils/undo/index.js:1:1490)
    at n.undo (/Applications/CocosCreator.app/Contents/Resources/app.asar/editor-framework/lib/share/undo.js:1:508)
    at d.undo (/Applications/CocosCreator.app/Contents/Resources/app.asar/editor-framework/lib/share/undo.js:1:1201)
    at Object.undo (/Applications/CocosCreator.app/Contents/Resources/app.asar/editor/page/scene-utils/undo/index.js:1:8036)
    at HTMLElement.undo (/Applications/CocosCreator.app/Contents/Resources/app.asar/editor/builtin/scene/panel/messages/scene-undo.js:1:225)
    at Object.e._dispatch (/Applications/CocosCreator.app/Contents/Resources/app.asar/editor-framework/lib/renderer/panel.js:1:1941)
    at EventEmitter.o.on.s (/Applications/CocosCreator.app/Contents/Resources/app.asar/editor-framework/lib/renderer/ipc.js:1:2921)
    at emitThree (events.js:116:13)
    at EventEmitter.emit (events.js:197:7)
2019-08-21T03:20:17.501Z - error: Unknown object to restore
    at p (/Applications/CocosCreator.app/Contents/Resources/app.asar/editor/page/scene-utils/undo/scene-undo-impl.js:1:2401)
    at Object.restoreNode (/Applications/CocosCreator.app/Contents/Resources/app.asar/editor/page/scene-utils/undo/scene-undo-impl.js:1:3207)
    at d.undo (/Applications/CocosCreator.app/Contents/Resources/app.asar/editor/page/scene-utils/undo/index.js:1:1341)
    at n.undo (/Applications/CocosCreator.app/Contents/Resources/app.asar/editor-framework/lib/share/undo.js:1:508)
    at d.undo (/Applications/CocosCreator.app/Contents/Resources/app.asar/editor-framework/lib/share/undo.js:1:1201)
    at Object.undo (/Applications/CocosCreator.app/Contents/Resources/app.asar/editor/page/scene-utils/undo/index.js:1:8036)
    at HTMLElement.undo (/Applications/CocosCreator.app/Contents/Resources/app.asar/editor/builtin/scene/panel/messages/scene-undo.js:1:225)
    at Object.e._dispatch (/Applications/CocosCreator.app/Contents/Resources/app.asar/editor-framework/lib/renderer/panel.js:1:1941)
    at EventEmitter.o.on.s (/Applications/CocosCreator.app/Contents/Resources/app.asar/editor-framework/lib/renderer/ipc.js:1:2921)
2019-08-21T03:20:17.501Z - error: TypeError: Cannot read property '_name' of null
    at d.undo (/Applications/CocosCreator.app/Contents/Resources/app.asar/editor/page/scene-utils/undo/index.js:1:1490)
    at n.undo (/Applications/CocosCreator.app/Contents/Resources/app.asar/editor-framework/lib/share/undo.js:1:508)
    at d.undo (/Applications/CocosCreator.app/Contents/Resources/app.asar/editor-framework/lib/share/undo.js:1:1201)
    at Object.undo (/Applications/CocosCreator.app/Contents/Resources/app.asar/editor/page/scene-utils/undo/index.js:1:8036)
    at HTMLElement.undo (/Applications/CocosCreator.app/Contents/Resources/app.asar/editor/builtin/scene/panel/messages/scene-undo.js:1:225)
    at Object.e._dispatch (/Applications/CocosCreator.app/Contents/Resources/app.asar/editor-framework/lib/renderer/panel.js:1:1941)
    at EventEmitter.o.on.s (/Applications/CocosCreator.app/Contents/Resources/app.asar/editor-framework/lib/renderer/ipc.js:1:2921)
    at emitThree (events.js:116:13)
    at EventEmitter.emit (events.js:197:7)
2019-08-21T03:20:17.729Z - error: Unknown object to restore
    at p (/Applications/CocosCreator.app/Contents/Resources/app.asar/editor/page/scene-utils/undo/scene-undo-impl.js:1:2401)
    at Object.restoreNode (/Applications/CocosCreator.app/Contents/Resources/app.asar/editor/page/scene-utils/undo/scene-undo-impl.js:1:3207)
    at d.undo (/Applications/CocosCreator.app/Contents/Resources/app.asar/editor/page/scene-utils/undo/index.js:1:1341)
    at n.undo (/Applications/CocosCreator.app/Contents/Resources/app.asar/editor-framework/lib/share/undo.js:1:508)
    at d.undo (/Applications/CocosCreator.app/Contents/Resources/app.asar/editor-framework/lib/share/undo.js:1:1201)
    at Object.undo (/Applications/CocosCreator.app/Contents/Resources/app.asar/editor/page/scene-utils/undo/index.js:1:8036)
    at HTMLElement.undo (/Applications/CocosCreator.app/Contents/Resources/app.asar/editor/builtin/scene/panel/messages/scene-undo.js:1:225)
    at Object.e._dispatch (/Applications/CocosCreator.app/Contents/Resources/app.asar/editor-framework/lib/renderer/panel.js:1:1941)
    at EventEmitter.o.on.s (/Applications/CocosCreator.app/Contents/Resources/app.asar/editor-framework/lib/renderer/ipc.js:1:2921)
2019-08-21T03:20:17.729Z - error: TypeError: Cannot read property '_name' of null
    at d.undo (/Applications/CocosCreator.app/Contents/Resources/app.asar/editor/page/scene-utils/undo/index.js:1:1490)
    at n.undo (/Applications/CocosCreator.app/Contents/Resources/app.asar/editor-framework/lib/share/undo.js:1:508)
    at d.undo (/Applications/CocosCreator.app/Contents/Resources/app.asar/editor-framework/lib/share/undo.js:1:1201)
    at Object.undo (/Applications/CocosCreator.app/Contents/Resources/app.asar/editor/page/scene-utils/undo/index.js:1:8036)
    at HTMLElement.undo (/Applications/CocosCreator.app/Contents/Resources/app.asar/editor/builtin/scene/panel/messages/scene-undo.js:1:225)
    at Object.e._dispatch (/Applications/CocosCreator.app/Contents/Resources/app.asar/editor-framework/lib/renderer/panel.js:1:1941)
    at EventEmitter.o.on.s (/Applications/CocosCreator.app/Contents/Resources/app.asar/editor-framework/lib/renderer/ipc.js:1:2921)
    at emitThree (events.js:116:13)
    at EventEmitter.emit (events.js:197:7)
2019-08-21T03:20:17.940Z - error: Unknown object to restore
    at p (/Applications/CocosCreator.app/Contents/Resources/app.asar/editor/page/scene-utils/undo/scene-undo-impl.js:1:2401)
    at Object.restoreNode (/Applications/CocosCreator.app/Contents/Resources/app.asar/editor/page/scene-utils/undo/scene-undo-impl.js:1:3207)
    at d.undo (/Applications/CocosCreator.app/Contents/Resources/app.asar/editor/page/scene-utils/undo/index.js:1:1341)
    at n.undo (/Applications/CocosCreator.app/Contents/Resources/app.asar/editor-framework/lib/share/undo.js:1:508)
    at d.undo (/Applications/CocosCreator.app/Contents/Resources/app.asar/editor-framework/lib/share/undo.js:1:1201)
    at Object.undo (/Applications/CocosCreator.app/Contents/Resources/app.asar/editor/page/scene-utils/undo/index.js:1:8036)
    at HTMLElement.undo (/Applications/CocosCreator.app/Contents/Resources/app.asar/editor/builtin/scene/panel/messages/scene-undo.js:1:225)
    at Object.e._dispatch (/Applications/CocosCreator.app/Contents/Resources/app.asar/editor-framework/lib/renderer/panel.js:1:1941)
    at EventEmitter.o.on.s (/Applications/CocosCreator.app/Contents/Resources/app.asar/editor-framework/lib/renderer/ipc.js:1:2921)
2019-08-21T03:20:17.941Z - error: TypeError: Cannot read property '_name' of null
    at d.undo (/Applications/CocosCreator.app/Contents/Resources/app.asar/editor/page/scene-utils/undo/index.js:1:1490)
    at n.undo (/Applications/CocosCreator.app/Contents/Resources/app.asar/editor-framework/lib/share/undo.js:1:508)
    at d.undo (/Applications/CocosCreator.app/Contents/Resources/app.asar/editor-framework/lib/share/undo.js:1:1201)
    at Object.undo (/Applications/CocosCreator.app/Contents/Resources/app.asar/editor/page/scene-utils/undo/index.js:1:8036)
    at HTMLElement.undo (/Applications/CocosCreator.app/Contents/Resources/app.asar/editor/builtin/scene/panel/messages/scene-undo.js:1:225)
    at Object.e._dispatch (/Applications/CocosCreator.app/Contents/Resources/app.asar/editor-framework/lib/renderer/panel.js:1:1941)
    at EventEmitter.o.on.s (/Applications/CocosCreator.app/Contents/Resources/app.asar/editor-framework/lib/renderer/ipc.js:1:2921)
    at emitThree (events.js:116:13)
    at EventEmitter.emit (events.js:197:7)
2019-08-21T03:20:18.157Z - error: Unknown object to restore
    at p (/Applications/CocosCreator.app/Contents/Resources/app.asar/editor/page/scene-utils/undo/scene-undo-impl.js:1:2401)
    at Object.restoreNode (/Applications/CocosCreator.app/Contents/Resources/app.asar/editor/page/scene-utils/undo/scene-undo-impl.js:1:3207)
    at d.undo (/Applications/CocosCreator.app/Contents/Resources/app.asar/editor/page/scene-utils/undo/index.js:1:1341)
    at n.undo (/Applications/CocosCreator.app/Contents/Resources/app.asar/editor-framework/lib/share/undo.js:1:508)
    at d.undo (/Applications/CocosCreator.app/Contents/Resources/app.asar/editor-framework/lib/share/undo.js:1:1201)
    at Object.undo (/Applications/CocosCreator.app/Contents/Resources/app.asar/editor/page/scene-utils/undo/index.js:1:8036)
    at HTMLElement.undo (/Applications/CocosCreator.app/Contents/Resources/app.asar/editor/builtin/scene/panel/messages/scene-undo.js:1:225)
    at Object.e._dispatch (/Applications/CocosCreator.app/Contents/Resources/app.asar/editor-framework/lib/renderer/panel.js:1:1941)
    at EventEmitter.o.on.s (/Applications/CocosCreator.app/Contents/Resources/app.asar/editor-framework/lib/renderer/ipc.js:1:2921)
2019-08-21T03:20:18.157Z - error: TypeError: Cannot read property '_name' of null
    at d.undo (/Applications/CocosCreator.app/Contents/Resources/app.asar/editor/page/scene-utils/undo/index.js:1:1490)
    at n.undo (/Applications/CocosCreator.app/Contents/Resources/app.asar/editor-framework/lib/share/undo.js:1:508)
    at d.undo (/Applications/CocosCreator.app/Contents/Resources/app.asar/editor-framework/lib/share/undo.js:1:1201)
    at Object.undo (/Applications/CocosCreator.app/Contents/Resources/app.asar/editor/page/scene-utils/undo/index.js:1:8036)
    at HTMLElement.undo (/Applications/CocosCreator.app/Contents/Resources/app.asar/editor/builtin/scene/panel/messages/scene-undo.js:1:225)
    at Object.e._dispatch (/Applications/CocosCreator.app/Contents/Resources/app.asar/editor-framework/lib/renderer/panel.js:1:1941)
    at EventEmitter.o.on.s (/Applications/CocosCreator.app/Contents/Resources/app.asar/editor-framework/lib/renderer/ipc.js:1:2921)
    at emitThree (events.js:116:13)
    at EventEmitter.emit (events.js:197:7)
2019-08-21T03:20:18.373Z - error: Unknown object to restore
    at p (/Applications/CocosCreator.app/Contents/Resources/app.asar/editor/page/scene-utils/undo/scene-undo-impl.js:1:2401)
    at Object.restoreNode (/Applications/CocosCreator.app/Contents/Resources/app.asar/editor/page/scene-utils/undo/scene-undo-impl.js:1:3207)
    at d.undo (/Applications/CocosCreator.app/Contents/Resources/app.asar/editor/page/scene-utils/undo/index.js:1:1341)
    at n.undo (/Applications/CocosCreator.app/Contents/Resources/app.asar/editor-framework/lib/share/undo.js:1:508)
    at d.undo (/Applications/CocosCreator.app/Contents/Resources/app.asar/editor-framework/lib/share/undo.js:1:1201)
    at Object.undo (/Applications/CocosCreator.app/Contents/Resources/app.asar/editor/page/scene-utils/undo/index.js:1:8036)
    at HTMLElement.undo (/Applications/CocosCreator.app/Contents/Resources/app.asar/editor/builtin/scene/panel/messages/scene-undo.js:1:225)
    at Object.e._dispatch (/Applications/CocosCreator.app/Contents/Resources/app.asar/editor-framework/lib/renderer/panel.js:1:1941)
    at EventEmitter.o.on.s (/Applications/CocosCreator.app/Contents/Resources/app.asar/editor-framework/lib/renderer/ipc.js:1:2921)
2019-08-21T03:20:18.374Z - error: TypeError: Cannot read property '_name' of null
    at d.undo (/Applications/CocosCreator.app/Contents/Resources/app.asar/editor/page/scene-utils/undo/index.js:1:1490)
    at n.undo (/Applications/CocosCreator.app/Contents/Resources/app.asar/editor-framework/lib/share/undo.js:1:508)
    at d.undo (/Applications/CocosCreator.app/Contents/Resources/app.asar/editor-framework/lib/share/undo.js:1:1201)
    at Object.undo (/Applications/CocosCreator.app/Contents/Resources/app.asar/editor/page/scene-utils/undo/index.js:1:8036)
    at HTMLElement.undo (/Applications/CocosCreator.app/Contents/Resources/app.asar/editor/builtin/scene/panel/messages/scene-undo.js:1:225)
    at Object.e._dispatch (/Applications/CocosCreator.app/Contents/Resources/app.asar/editor-framework/lib/renderer/panel.js:1:1941)
    at EventEmitter.o.on.s (/Applications/CocosCreator.app/Contents/Resources/app.asar/editor-framework/lib/renderer/ipc.js:1:2921)
    at emitThree (events.js:116:13)
    at EventEmitter.emit (events.js:197:7)
2019-08-21T03:20:18.789Z - error: Unknown object to restore
    at p (/Applications/CocosCreator.app/Contents/Resources/app.asar/editor/page/scene-utils/undo/scene-undo-impl.js:1:2401)
    at Object.restoreNode (/Applications/CocosCreator.app/Contents/Resources/app.asar/editor/page/scene-utils/undo/scene-undo-impl.js:1:3207)
    at d.undo (/Applications/CocosCreator.app/Contents/Resources/app.asar/editor/page/scene-utils/undo/index.js:1:1341)
    at n.undo (/Applications/CocosCreator.app/Contents/Resources/app.asar/editor-framework/lib/share/undo.js:1:508)
    at d.undo (/Applications/CocosCreator.app/Contents/Resources/app.asar/editor-framework/lib/share/undo.js:1:1201)
    at Object.undo (/Applications/CocosCreator.app/Contents/Resources/app.asar/editor/page/scene-utils/undo/index.js:1:8036)
    at HTMLElement.undo (/Applications/CocosCreator.app/Contents/Resources/app.asar/editor/builtin/scene/panel/messages/scene-undo.js:1:225)
    at Object.e._dispatch (/Applications/CocosCreator.app/Contents/Resources/app.asar/editor-framework/lib/renderer/panel.js:1:1941)
    at EventEmitter.o.on.s (/Applications/CocosCreator.app/Contents/Resources/app.asar/editor-framework/lib/renderer/ipc.js:1:2921)
2019-08-21T03:20:18.790Z - error: TypeError: Cannot read property '_name' of null
    at d.undo (/Applications/CocosCreator.app/Contents/Resources/app.asar/editor/page/scene-utils/undo/index.js:1:1490)
    at n.undo (/Applications/CocosCreator.app/Contents/Resources/app.asar/editor-framework/lib/share/undo.js:1:508)
    at d.undo (/Applications/CocosCreator.app/Contents/Resources/app.asar/editor-framework/lib/share/undo.js:1:1201)
    at Object.undo (/Applications/CocosCreator.app/Contents/Resources/app.asar/editor/page/scene-utils/undo/index.js:1:8036)
    at HTMLElement.undo (/Applications/CocosCreator.app/Contents/Resources/app.asar/editor/builtin/scene/panel/messages/scene-undo.js:1:225)
    at Object.e._dispatch (/Applications/CocosCreator.app/Contents/Resources/app.asar/editor-framework/lib/renderer/panel.js:1:1941)
    at EventEmitter.o.on.s (/Applications/CocosCreator.app/Contents/Resources/app.asar/editor-framework/lib/renderer/ipc.js:1:2921)
    at emitThree (events.js:116:13)
    at EventEmitter.emit (events.js:197:7)
2019-08-21T03:20:19.050Z - error: Unknown object to restore
    at p (/Applications/CocosCreator.app/Contents/Resources/app.asar/editor/page/scene-utils/undo/scene-undo-impl.js:1:2401)
    at Object.restoreNode (/Applications/CocosCreator.app/Contents/Resources/app.asar/editor/page/scene-utils/undo/scene-undo-impl.js:1:3207)
    at d.undo (/Applications/CocosCreator.app/Contents/Resources/app.asar/editor/page/scene-utils/undo/index.js:1:1341)
    at n.undo (/Applications/CocosCreator.app/Contents/Resources/app.asar/editor-framework/lib/share/undo.js:1:508)
    at d.undo (/Applications/CocosCreator.app/Contents/Resources/app.asar/editor-framework/lib/share/undo.js:1:1201)
    at Object.undo (/Applications/CocosCreator.app/Contents/Resources/app.asar/editor/page/scene-utils/undo/index.js:1:8036)
    at HTMLElement.undo (/Applications/CocosCreator.app/Contents/Resources/app.asar/editor/builtin/scene/panel/messages/scene-undo.js:1:225)
    at Object.e._dispatch (/Applications/CocosCreator.app/Contents/Resources/app.asar/editor-framework/lib/renderer/panel.js:1:1941)
    at EventEmitter.o.on.s (/Applications/CocosCreator.app/Contents/Resources/app.asar/editor-framework/lib/renderer/ipc.js:1:2921)
2019-08-21T03:20:19.050Z - error: TypeError: Cannot read property '_name' of null
    at d.undo (/Applications/CocosCreator.app/Contents/Resources/app.asar/editor/page/scene-utils/undo/index.js:1:1490)
    at n.undo (/Applications/CocosCreator.app/Contents/Resources/app.asar/editor-framework/lib/share/undo.js:1:508)
    at d.undo (/Applications/CocosCreator.app/Contents/Resources/app.asar/editor-framework/lib/share/undo.js:1:1201)
    at Object.undo (/Applications/CocosCreator.app/Contents/Resources/app.asar/editor/page/scene-utils/undo/index.js:1:8036)
    at HTMLElement.undo (/Applications/CocosCreator.app/Contents/Resources/app.asar/editor/builtin/scene/panel/messages/scene-undo.js:1:225)
    at Object.e._dispatch (/Applications/CocosCreator.app/Contents/Resources/app.asar/editor-framework/lib/renderer/panel.js:1:1941)
    at EventEmitter.o.on.s (/Applications/CocosCreator.app/Contents/Resources/app.asar/editor-framework/lib/renderer/ipc.js:1:2921)
    at emitThree (events.js:116:13)
    at EventEmitter.emit (events.js:197:7)
2019-08-21T03:20:19.309Z - error: Unknown object to restore
    at p (/Applications/CocosCreator.app/Contents/Resources/app.asar/editor/page/scene-utils/undo/scene-undo-impl.js:1:2401)
    at Object.restoreNode (/Applications/CocosCreator.app/Contents/Resources/app.asar/editor/page/scene-utils/undo/scene-undo-impl.js:1:3207)
    at d.undo (/Applications/CocosCreator.app/Contents/Resources/app.asar/editor/page/scene-utils/undo/index.js:1:1341)
    at n.undo (/Applications/CocosCreator.app/Contents/Resources/app.asar/editor-framework/lib/share/undo.js:1:508)
    at d.undo (/Applications/CocosCreator.app/Contents/Resources/app.asar/editor-framework/lib/share/undo.js:1:1201)
    at Object.undo (/Applications/CocosCreator.app/Contents/Resources/app.asar/editor/page/scene-utils/undo/index.js:1:8036)
    at HTMLElement.undo (/Applications/CocosCreator.app/Contents/Resources/app.asar/editor/builtin/scene/panel/messages/scene-undo.js:1:225)
    at Object.e._dispatch (/Applications/CocosCreator.app/Contents/Resources/app.asar/editor-framework/lib/renderer/panel.js:1:1941)
    at EventEmitter.o.on.s (/Applications/CocosCreator.app/Contents/Resources/app.asar/editor-framework/lib/renderer/ipc.js:1:2921)
2019-08-21T03:20:19.309Z - error: TypeError: Cannot read property '_name' of null
    at d.undo (/Applications/CocosCreator.app/Contents/Resources/app.asar/editor/page/scene-utils/undo/index.js:1:1490)
    at n.undo (/Applications/CocosCreator.app/Contents/Resources/app.asar/editor-framework/lib/share/undo.js:1:508)
    at d.undo (/Applications/CocosCreator.app/Contents/Resources/app.asar/editor-framework/lib/share/undo.js:1:1201)
    at Object.undo (/Applications/CocosCreator.app/Contents/Resources/app.asar/editor/page/scene-utils/undo/index.js:1:8036)
    at HTMLElement.undo (/Applications/CocosCreator.app/Contents/Resources/app.asar/editor/builtin/scene/panel/messages/scene-undo.js:1:225)
    at Object.e._dispatch (/Applications/CocosCreator.app/Contents/Resources/app.asar/editor-framework/lib/renderer/panel.js:1:1941)
    at EventEmitter.o.on.s (/Applications/CocosCreator.app/Contents/Resources/app.asar/editor-framework/lib/renderer/ipc.js:1:2921)
    at emitThree (events.js:116:13)
    at EventEmitter.emit (events.js:197:7)
2019-08-21T03:20:19.561Z - error: Unknown object to restore
    at p (/Applications/CocosCreator.app/Contents/Resources/app.asar/editor/page/scene-utils/undo/scene-undo-impl.js:1:2401)
    at Object.restoreNode (/Applications/CocosCreator.app/Contents/Resources/app.asar/editor/page/scene-utils/undo/scene-undo-impl.js:1:3207)
    at d.undo (/Applications/CocosCreator.app/Contents/Resources/app.asar/editor/page/scene-utils/undo/index.js:1:1341)
    at n.undo (/Applications/CocosCreator.app/Contents/Resources/app.asar/editor-framework/lib/share/undo.js:1:508)
    at d.undo (/Applications/CocosCreator.app/Contents/Resources/app.asar/editor-framework/lib/share/undo.js:1:1201)
    at Object.undo (/Applications/CocosCreator.app/Contents/Resources/app.asar/editor/page/scene-utils/undo/index.js:1:8036)
    at HTMLElement.undo (/Applications/CocosCreator.app/Contents/Resources/app.asar/editor/builtin/scene/panel/messages/scene-undo.js:1:225)
    at Object.e._dispatch (/Applications/CocosCreator.app/Contents/Resources/app.asar/editor-framework/lib/renderer/panel.js:1:1941)
    at EventEmitter.o.on.s (/Applications/CocosCreator.app/Contents/Resources/app.asar/editor-framework/lib/renderer/ipc.js:1:2921)
2019-08-21T03:20:19.562Z - error: TypeError: Cannot read property '_name' of null
    at d.undo (/Applications/CocosCreator.app/Contents/Resources/app.asar/editor/page/scene-utils/undo/index.js:1:1490)
    at n.undo (/Applications/CocosCreator.app/Contents/Resources/app.asar/editor-framework/lib/share/undo.js:1:508)
    at d.undo (/Applications/CocosCreator.app/Contents/Resources/app.asar/editor-framework/lib/share/undo.js:1:1201)
    at Object.undo (/Applications/CocosCreator.app/Contents/Resources/app.asar/editor/page/scene-utils/undo/index.js:1:8036)
    at HTMLElement.undo (/Applications/CocosCreator.app/Contents/Resources/app.asar/editor/builtin/scene/panel/messages/scene-undo.js:1:225)
    at Object.e._dispatch (/Applications/CocosCreator.app/Contents/Resources/app.asar/editor-framework/lib/renderer/panel.js:1:1941)
    at EventEmitter.o.on.s (/Applications/CocosCreator.app/Contents/Resources/app.asar/editor-framework/lib/renderer/ipc.js:1:2921)
    at emitThree (events.js:116:13)
    at EventEmitter.emit (events.js:197:7)
2019-08-21T03:20:19.785Z - error: Unknown object to restore
    at p (/Applications/CocosCreator.app/Contents/Resources/app.asar/editor/page/scene-utils/undo/scene-undo-impl.js:1:2401)
    at Object.restoreNode (/Applications/CocosCreator.app/Contents/Resources/app.asar/editor/page/scene-utils/undo/scene-undo-impl.js:1:3207)
    at d.undo (/Applications/CocosCreator.app/Contents/Resources/app.asar/editor/page/scene-utils/undo/index.js:1:1341)
    at n.undo (/Applications/CocosCreator.app/Contents/Resources/app.asar/editor-framework/lib/share/undo.js:1:508)
    at d.undo (/Applications/CocosCreator.app/Contents/Resources/app.asar/editor-framework/lib/share/undo.js:1:1201)
    at Object.undo (/Applications/CocosCreator.app/Contents/Resources/app.asar/editor/page/scene-utils/undo/index.js:1:8036)
    at HTMLElement.undo (/Applications/CocosCreator.app/Contents/Resources/app.asar/editor/builtin/scene/panel/messages/scene-undo.js:1:225)
    at Object.e._dispatch (/Applications/CocosCreator.app/Contents/Resources/app.asar/editor-framework/lib/renderer/panel.js:1:1941)
    at EventEmitter.o.on.s (/Applications/CocosCreator.app/Contents/Resources/app.asar/editor-framework/lib/renderer/ipc.js:1:2921)
2019-08-21T03:20:19.785Z - error: TypeError: Cannot read property '_name' of null
    at d.undo (/Applications/CocosCreator.app/Contents/Resources/app.asar/editor/page/scene-utils/undo/index.js:1:1490)
    at n.undo (/Applications/CocosCreator.app/Contents/Resources/app.asar/editor-framework/lib/share/undo.js:1:508)
    at d.undo (/Applications/CocosCreator.app/Contents/Resources/app.asar/editor-framework/lib/share/undo.js:1:1201)
    at Object.undo (/Applications/CocosCreator.app/Contents/Resources/app.asar/editor/page/scene-utils/undo/index.js:1:8036)
    at HTMLElement.undo (/Applications/CocosCreator.app/Contents/Resources/app.asar/editor/builtin/scene/panel/messages/scene-undo.js:1:225)
    at Object.e._dispatch (/Applications/CocosCreator.app/Contents/Resources/app.asar/editor-framework/lib/renderer/panel.js:1:1941)
    at EventEmitter.o.on.s (/Applications/CocosCreator.app/Contents/Resources/app.asar/editor-framework/lib/renderer/ipc.js:1:2921)
    at emitThree (events.js:116:13)
    at EventEmitter.emit (events.js:197:7)
2019-08-21T03:28:45.098Z - warn: Please specifiy a default value for "Game" property at its declaration:
 
// Before:
@property(...)
value; 
// After:
@property(...)
value = 0 scoreAuio
2019-08-21T03:28:45.099Z - warn: Please specifiy a default value for "Game" property at its declaration:
 
// Before:
@property(...)
value; 
// After:
@property(...)
value = 0 btnStart
2019-08-21T03:28:45.100Z - warn: Please specifiy a default value for "Game" property at its declaration:
 
// Before:
@property(...)
value; 
// After:
@property(...)
value = 0 currentStart
2019-08-21T03:28:45.103Z - warn: Please specifiy a default value for "Play" property at its declaration:
 
// Before:
@property(...)
value; 
// After:
@property(...)
value = 0 jumpAudio
2019-08-21T03:28:45.104Z - warn: The 'type' attribute of 'Start.game' is undefined when loading script
2019-08-21T03:28:45.332Z - warn: The Asset used by node "Star" is missing. Detailed information:
Node path: "Star"
Missing uuid: "c224c5a5-8628-4fba-b16f-6b071a35c869"

2019-08-21T03:28:45.334Z - warn: The Asset used is missing. Detailed information:
Missing uuid: "c224c5a5-8628-4fba-b16f-6b071a35c869"

2019-08-21T03:33:48.034Z - warn: Please specifiy a default value for "Game" property at its declaration:
 
// Before:
@property(...)
value; 
// After:
@property(...)
value = 0 scoreAuio
2019-08-21T03:33:48.035Z - warn: Please specifiy a default value for "Game" property at its declaration:
 
// Before:
@property(...)
value; 
// After:
@property(...)
value = 0 btnStart
2019-08-21T03:33:48.036Z - warn: Please specifiy a default value for "Game" property at its declaration:
 
// Before:
@property(...)
value; 
// After:
@property(...)
value = 0 currentStart
2019-08-21T03:33:48.038Z - warn: Please specifiy a default value for "Play" property at its declaration:
 
// Before:
@property(...)
value; 
// After:
@property(...)
value = 0 jumpAudio
2019-08-21T03:33:48.038Z - warn: The 'type' attribute of 'Start.game' is undefined when loading script
2019-08-21T03:34:49.393Z - warn: Please specifiy a default value for "Game" property at its declaration:
 
// Before:
@property(...)
value; 
// After:
@property(...)
value = 0 scoreAuio
2019-08-21T03:34:49.393Z - warn: Please specifiy a default value for "Game" property at its declaration:
 
// Before:
@property(...)
value; 
// After:
@property(...)
value = 0 btnStart
2019-08-21T03:34:49.393Z - warn: Please specifiy a default value for "Game" property at its declaration:
 
// Before:
@property(...)
value; 
// After:
@property(...)
value = 0 currentStart
2019-08-21T03:34:49.394Z - warn: Please specifiy a default value for "Play" property at its declaration:
 
// Before:
@property(...)
value; 
// After:
@property(...)
value = 0 jumpAudio
2019-08-21T03:34:49.395Z - warn: The 'type' attribute of 'Start.game' is undefined when loading script
2019-08-21T03:35:02.974Z - info: 只有预制节点 "Star" 及其子节点会被保存。
2019-08-21T03:40:19.043Z - info: 只有预制节点 "Star" 及其子节点会被保存。
2019-08-21T03:40:39.403Z - info: 只有预制节点 "Star" 及其子节点会被保存。
